[INFO][21-03-24][com.haining820.dao.UserDaoTest]info:进入了log4j
[DEBUG][21-03-24][com.haining820.dao.UserDaoTest]debug:进入了log4j
[ERROR][21-03-24][com.haining820.dao.UserDaoTest]error:进入了log4j
[DEBUG][21-03-24][org.apache.ibatis.logging.LogFactory]Logging initialized using 'class org.apache.ibatis.logging.log4j.Log4jImpl' adapter.
[DEBUG][21-03-24][org.apache.ibatis.logging.LogFactory]Logging initialized using 'class org.apache.ibatis.logging.log4j.Log4jImpl' adapter.
[DEBUG][21-03-24][org.apache.ibatis.datasource.pooled.PooledDataSource]PooledDataSource forcefully closed/removed all connections.
[DEBUG][21-03-24][org.apache.ibatis.datasource.pooled.PooledDataSource]PooledDataSource forcefully closed/removed all connections.
[DEBUG][21-03-24][org.apache.ibatis.datasource.pooled.PooledDataSource]PooledDataSource forcefully closed/removed all connections.
[DEBUG][21-03-24][org.apache.ibatis.datasource.pooled.PooledDataSource]PooledDataSource forcefully closed/removed all connections.
[INFO][21-03-24][com.haining820.dao.UserDaoTest]进入getUserById方法成功
[DEBUG][21-03-24][org.apache.ibatis.transaction.jdbc.JdbcTransaction]Opening JDBC Connection
[DEBUG][21-03-24][org.apache.ibatis.datasource.pooled.PooledDataSource]Created connection 520022247.
[DEBUG][21-03-24][org.apache.ibatis.transaction.jdbc.JdbcTransaction]Setting autocommit to false on JDBC Connection [com.mysql.jdbc.JDBC4Connection@1efee8e7]
[DEBUG][21-03-24][com.haining820.dao.UserMapper.getUserById]==>  Preparing: select * from mybatis.user where id = ? 
[DEBUG][21-03-24][com.haining820.dao.UserMapper.getUserById]==> Parameters: 1(Integer)
[DEBUG][21-03-24][com.haining820.dao.UserMapper.getUserById]<==      Total: 1
[DEBUG][21-03-24][org.apache.ibatis.transaction.jdbc.JdbcTransaction]Resetting autocommit to true on JDBC Connection [com.mysql.jdbc.JDBC4Connection@1efee8e7]
[DEBUG][21-03-24][org.apache.ibatis.transaction.jdbc.JdbcTransaction]Closing JDBC Connection [com.mysql.jdbc.JDBC4Connection@1efee8e7]
[DEBUG][21-03-24][org.apache.ibatis.datasource.pooled.PooledDataSource]Returned connection 520022247 to pool.
[DEBUG][21-03-24][org.apache.ibatis.logging.LogFactory]Logging initialized using 'class org.apache.ibatis.logging.log4j.Log4jImpl' adapter.
[DEBUG][21-03-24][org.apache.ibatis.logging.LogFactory]Logging initialized using 'class org.apache.ibatis.logging.log4j.Log4jImpl' adapter.
[DEBUG][21-03-24][org.apache.ibatis.datasource.pooled.PooledDataSource]PooledDataSource forcefully closed/removed all connections.
[DEBUG][21-03-24][org.apache.ibatis.datasource.pooled.PooledDataSource]PooledDataSource forcefully closed/removed all connections.
[DEBUG][21-03-24][org.apache.ibatis.datasource.pooled.PooledDataSource]PooledDataSource forcefully closed/removed all connections.
[DEBUG][21-03-24][org.apache.ibatis.datasource.pooled.PooledDataSource]PooledDataSource forcefully closed/removed all connections.
[DEBUG][21-03-24][org.apache.ibatis.transaction.jdbc.JdbcTransaction]Opening JDBC Connection
[DEBUG][21-03-24][org.apache.ibatis.datasource.pooled.PooledDataSource]Created connection 124407148.
[DEBUG][21-03-24][org.apache.ibatis.transaction.jdbc.JdbcTransaction]Setting autocommit to false on JDBC Connection [com.mysql.jdbc.JDBC4Connection@76a4d6c]
[DEBUG][21-03-24][com.haining820.dao.UserMapper.getUserByLimit]==>  Preparing: select * from mybatis.user limit ?,? 
[DEBUG][21-03-24][com.haining820.dao.UserMapper.getUserByLimit]==> Parameters: 0(Integer), 2(Integer)
[DEBUG][21-03-24][com.haining820.dao.UserMapper.getUserByLimit]<==      Total: 2
[DEBUG][21-03-24][org.apache.ibatis.transaction.jdbc.JdbcTransaction]Resetting autocommit to true on JDBC Connection [com.mysql.jdbc.JDBC4Connection@76a4d6c]
[DEBUG][21-03-24][org.apache.ibatis.transaction.jdbc.JdbcTransaction]Closing JDBC Connection [com.mysql.jdbc.JDBC4Connection@76a4d6c]
[DEBUG][21-03-24][org.apache.ibatis.datasource.pooled.PooledDataSource]Returned connection 124407148 to pool.
[DEBUG][21-03-24][org.apache.ibatis.logging.LogFactory]Logging initialized using 'class org.apache.ibatis.logging.log4j.Log4jImpl' adapter.
[DEBUG][21-03-24][org.apache.ibatis.logging.LogFactory]Logging initialized using 'class org.apache.ibatis.logging.log4j.Log4jImpl' adapter.
[DEBUG][21-03-24][org.apache.ibatis.datasource.pooled.PooledDataSource]PooledDataSource forcefully closed/removed all connections.
[DEBUG][21-03-24][org.apache.ibatis.datasource.pooled.PooledDataSource]PooledDataSource forcefully closed/removed all connections.
[DEBUG][21-03-24][org.apache.ibatis.datasource.pooled.PooledDataSource]PooledDataSource forcefully closed/removed all connections.
[DEBUG][21-03-24][org.apache.ibatis.datasource.pooled.PooledDataSource]PooledDataSource forcefully closed/removed all connections.
[DEBUG][21-03-24][org.apache.ibatis.transaction.jdbc.JdbcTransaction]Opening JDBC Connection
[DEBUG][21-03-24][org.apache.ibatis.datasource.pooled.PooledDataSource]Created connection 124407148.
[DEBUG][21-03-24][org.apache.ibatis.transaction.jdbc.JdbcTransaction]Setting autocommit to false on JDBC Connection [com.mysql.jdbc.JDBC4Connection@76a4d6c]
[DEBUG][21-03-24][com.haining820.dao.UserMapper.getUserByLimit]==>  Preparing: select * from mybatis.user limit ?,? 
[DEBUG][21-03-24][com.haining820.dao.UserMapper.getUserByLimit]==> Parameters: 0(Integer), 2(Integer)
[DEBUG][21-03-24][com.haining820.dao.UserMapper.getUserByLimit]<==      Total: 2
[DEBUG][21-03-24][org.apache.ibatis.transaction.jdbc.JdbcTransaction]Resetting autocommit to true on JDBC Connection [com.mysql.jdbc.JDBC4Connection@76a4d6c]
[DEBUG][21-03-24][org.apache.ibatis.transaction.jdbc.JdbcTransaction]Closing JDBC Connection [com.mysql.jdbc.JDBC4Connection@76a4d6c]
[DEBUG][21-03-24][org.apache.ibatis.datasource.pooled.PooledDataSource]Returned connection 124407148 to pool.
[DEBUG][21-03-24][org.apache.ibatis.logging.LogFactory]Logging initialized using 'class org.apache.ibatis.logging.log4j.Log4jImpl' adapter.
[DEBUG][21-03-24][org.apache.ibatis.logging.LogFactory]Logging initialized using 'class org.apache.ibatis.logging.log4j.Log4jImpl' adapter.
[DEBUG][21-03-24][org.apache.ibatis.datasource.pooled.PooledDataSource]PooledDataSource forcefully closed/removed all connections.
[DEBUG][21-03-24][org.apache.ibatis.datasource.pooled.PooledDataSource]PooledDataSource forcefully closed/removed all connections.
[DEBUG][21-03-24][org.apache.ibatis.datasource.pooled.PooledDataSource]PooledDataSource forcefully closed/removed all connections.
[DEBUG][21-03-24][org.apache.ibatis.datasource.pooled.PooledDataSource]PooledDataSource forcefully closed/removed all connections.
[DEBUG][21-03-24][org.apache.ibatis.transaction.jdbc.JdbcTransaction]Opening JDBC Connection
[DEBUG][21-03-24][org.apache.ibatis.datasource.pooled.PooledDataSource]Created connection 124407148.
[DEBUG][21-03-24][org.apache.ibatis.transaction.jdbc.JdbcTransaction]Setting autocommit to false on JDBC Connection [com.mysql.jdbc.JDBC4Connection@76a4d6c]
[DEBUG][21-03-24][com.haining820.dao.UserMapper.getUserByLimit]==>  Preparing: select * from mybatis.user limit ?,? 
[DEBUG][21-03-24][com.haining820.dao.UserMapper.getUserByLimit]==> Parameters: 1(Integer), 2(Integer)
[DEBUG][21-03-24][com.haining820.dao.UserMapper.getUserByLimit]<==      Total: 2
[DEBUG][21-03-24][org.apache.ibatis.transaction.jdbc.JdbcTransaction]Resetting autocommit to true on JDBC Connection [com.mysql.jdbc.JDBC4Connection@76a4d6c]
[DEBUG][21-03-24][org.apache.ibatis.transaction.jdbc.JdbcTransaction]Closing JDBC Connection [com.mysql.jdbc.JDBC4Connection@76a4d6c]
[DEBUG][21-03-24][org.apache.ibatis.datasource.pooled.PooledDataSource]Returned connection 124407148 to pool.
[DEBUG][21-03-24][org.apache.ibatis.logging.LogFactory]Logging initialized using 'class org.apache.ibatis.logging.log4j.Log4jImpl' adapter.
[DEBUG][21-03-24][org.apache.ibatis.logging.LogFactory]Logging initialized using 'class org.apache.ibatis.logging.log4j.Log4jImpl' adapter.
[DEBUG][21-03-24][org.apache.ibatis.datasource.pooled.PooledDataSource]PooledDataSource forcefully closed/removed all connections.
[DEBUG][21-03-24][org.apache.ibatis.datasource.pooled.PooledDataSource]PooledDataSource forcefully closed/removed all connections.
[DEBUG][21-03-24][org.apache.ibatis.datasource.pooled.PooledDataSource]PooledDataSource forcefully closed/removed all connections.
[DEBUG][21-03-24][org.apache.ibatis.datasource.pooled.PooledDataSource]PooledDataSource forcefully closed/removed all connections.
[DEBUG][21-03-24][org.apache.ibatis.transaction.jdbc.JdbcTransaction]Opening JDBC Connection
[DEBUG][21-03-24][org.apache.ibatis.datasource.pooled.PooledDataSource]Created connection 392781299.
[DEBUG][21-03-24][org.apache.ibatis.transaction.jdbc.JdbcTransaction]Setting autocommit to false on JDBC Connection [com.mysql.jdbc.JDBC4Connection@17695df3]
[DEBUG][21-03-24][com.haining820.dao.UserMapper.getUserByRowBounds]==>  Preparing: select * from mybatis.user 
[DEBUG][21-03-24][com.haining820.dao.UserMapper.getUserByRowBounds]==> Parameters: 
[DEBUG][21-03-24][org.apache.ibatis.transaction.jdbc.JdbcTransaction]Resetting autocommit to true on JDBC Connection [com.mysql.jdbc.JDBC4Connection@17695df3]
[DEBUG][21-03-24][org.apache.ibatis.transaction.jdbc.JdbcTransaction]Closing JDBC Connection [com.mysql.jdbc.JDBC4Connection@17695df3]
[DEBUG][21-03-24][org.apache.ibatis.datasource.pooled.PooledDataSource]Returned connection 392781299 to pool.
[DEBUG][21-03-24][org.apache.ibatis.logging.LogFactory]Logging initialized using 'class org.apache.ibatis.logging.log4j.Log4jImpl' adapter.
[DEBUG][21-03-24][org.apache.ibatis.logging.LogFactory]Logging initialized using 'class org.apache.ibatis.logging.log4j.Log4jImpl' adapter.
[DEBUG][21-03-24][org.apache.ibatis.datasource.pooled.PooledDataSource]PooledDataSource forcefully closed/removed all connections.
[DEBUG][21-03-24][org.apache.ibatis.datasource.pooled.PooledDataSource]PooledDataSource forcefully closed/removed all connections.
[DEBUG][21-03-24][org.apache.ibatis.datasource.pooled.PooledDataSource]PooledDataSource forcefully closed/removed all connections.
[DEBUG][21-03-24][org.apache.ibatis.datasource.pooled.PooledDataSource]PooledDataSource forcefully closed/removed all connections.
[DEBUG][21-03-24][org.apache.ibatis.transaction.jdbc.JdbcTransaction]Opening JDBC Connection
[DEBUG][21-03-24][org.apache.ibatis.datasource.pooled.PooledDataSource]Created connection 392781299.
[DEBUG][21-03-24][org.apache.ibatis.transaction.jdbc.JdbcTransaction]Setting autocommit to false on JDBC Connection [com.mysql.jdbc.JDBC4Connection@17695df3]
[DEBUG][21-03-24][com.haining820.dao.UserMapper.getUserByRowBounds]==>  Preparing: select * from mybatis.user 
[DEBUG][21-03-24][com.haining820.dao.UserMapper.getUserByRowBounds]==> Parameters: 
[DEBUG][21-03-24][org.apache.ibatis.transaction.jdbc.JdbcTransaction]Resetting autocommit to true on JDBC Connection [com.mysql.jdbc.JDBC4Connection@17695df3]
[DEBUG][21-03-24][org.apache.ibatis.transaction.jdbc.JdbcTransaction]Closing JDBC Connection [com.mysql.jdbc.JDBC4Connection@17695df3]
[DEBUG][21-03-24][org.apache.ibatis.datasource.pooled.PooledDataSource]Returned connection 392781299 to pool.
[DEBUG][21-03-24][org.apache.ibatis.logging.LogFactory]Logging initialized using 'class org.apache.ibatis.logging.log4j.Log4jImpl' adapter.
[DEBUG][21-03-24][org.apache.ibatis.logging.LogFactory]Logging initialized using 'class org.apache.ibatis.logging.log4j.Log4jImpl' adapter.
[DEBUG][21-03-24][org.apache.ibatis.datasource.pooled.PooledDataSource]PooledDataSource forcefully closed/removed all connections.
[DEBUG][21-03-24][org.apache.ibatis.datasource.pooled.PooledDataSource]PooledDataSource forcefully closed/removed all connections.
[DEBUG][21-03-24][org.apache.ibatis.datasource.pooled.PooledDataSource]PooledDataSource forcefully closed/removed all connections.
[DEBUG][21-03-24][org.apache.ibatis.datasource.pooled.PooledDataSource]PooledDataSource forcefully closed/removed all connections.
[INFO][21-03-24][com.haining820.dao.UserDaoTest]进入getUserById方法成功
[DEBUG][21-03-24][org.apache.ibatis.transaction.jdbc.JdbcTransaction]Opening JDBC Connection
[DEBUG][21-03-24][org.apache.ibatis.datasource.pooled.PooledDataSource]Created connection 520022247.
[DEBUG][21-03-24][org.apache.ibatis.transaction.jdbc.JdbcTransaction]Setting autocommit to false on JDBC Connection [com.mysql.jdbc.JDBC4Connection@1efee8e7]
[DEBUG][21-03-24][com.haining820.dao.UserMapper.getUserById]==>  Preparing: select * from mybatis.user where id = ? 
[DEBUG][21-03-24][com.haining820.dao.UserMapper.getUserById]==> Parameters: 1(Integer)
[DEBUG][21-03-24][com.haining820.dao.UserMapper.getUserById]<==      Total: 1
[DEBUG][21-03-24][org.apache.ibatis.transaction.jdbc.JdbcTransaction]Resetting autocommit to true on JDBC Connection [com.mysql.jdbc.JDBC4Connection@1efee8e7]
[DEBUG][21-03-24][org.apache.ibatis.transaction.jdbc.JdbcTransaction]Closing JDBC Connection [com.mysql.jdbc.JDBC4Connection@1efee8e7]
[DEBUG][21-03-24][org.apache.ibatis.datasource.pooled.PooledDataSource]Returned connection 520022247 to pool.
